SF:C:\Users\evan\dev\dippp\dippp\ConsoleMessageWriter.cs
FN:7,System.Void dippp.ConsoleMessageWriter::Write(System.String)
FNDA:3,System.Void dippp.ConsoleMessageWriter::Write(System.String)
DA:8,3
DA:9,3
DA:10,3
LF:3
LH:3
BRF:0
BRH:0
FNF:1
FNH:1
end_of_record
SF:C:\Users\evan\dev\dippp\dippp\Salutation.cs
FN:19,System.Void dippp.Salutation::Exclaim()
FNDA:3,System.Void dippp.Salutation::Exclaim()
DA:20,3
DA:21,3
DA:22,3
FN:8,System.Void dippp.Salutation::.ctor(dippp.IMessageWriter)
FNDA:4,System.Void dippp.Salutation::.ctor(dippp.IMessageWriter)
DA:9,4
DA:10,4
DA:11,4
DA:12,1
DA:13,1
DA:16,3
DA:17,3
BRDA:11,14,0,1
BRDA:11,14,1,3
LF:10
LH:10
BRF:2
BRH:2
FNF:2
FNH:2
end_of_record
SF:C:\Users\evan\dev\dippp\dippp\SecureMessageWriter.cs
FN:30,System.Void dippp.SecureMessageWriter::Write(System.String)
FNDA:2,System.Void dippp.SecureMessageWriter::Write(System.String)
DA:31,2
DA:32,2
DA:33,0
DA:34,0
DA:37,2
DA:38,2
BRDA:32,17,0,0
BRDA:32,17,1,2
FN:11,System.Void dippp.SecureMessageWriter::.ctor(dippp.IMessageWriter,System.Security.Principal.IIdentity)
FNDA:4,System.Void dippp.SecureMessageWriter::.ctor(dippp.IMessageWriter,System.Security.Principal.IIdentity)
DA:12,4
DA:13,4
DA:14,4
DA:15,4
DA:16,4
DA:17,1
DA:18,1
DA:21,3
DA:22,1
DA:23,1
DA:26,2
DA:27,2
DA:28,2
BRDA:16,14,0,1
BRDA:16,14,1,3
BRDA:21,34,0,1
BRDA:21,34,1,2
LF:19
LH:17
BRF:6
BRH:5
FNF:2
FNH:2
end_of_record
SF:C:\Users\evan\dev\dippp\dippp.tests\obj\Debug\netcoreapp2.2\dippp.tests.Program.cs
FN:3,System.Void AutoGeneratedProgram::Main(System.String[])
FNDA:0,System.Void AutoGeneratedProgram::Main(System.String[])
DA:4,0
LF:1
LH:0
BRF:0
BRH:0
FNF:1
FNH:0
end_of_record